<?xml version="1.0" encoding="UTF-8"?>
<testsuite xmlns:xsi="http://www.w3.org/2001/XMLSchema-instance" xsi:noNamespaceSchemaLocation="https://maven.apache.org/surefire/maven-surefire-plugin/xsd/surefire-test-report-3.0.xsd" version="3.0" name="com.shopmart.orderservice.OrderSagaTest" time="0.826" tests="4" errors="0" skipped="0" failures="0">
  <properties>
[...]
</properties>
  <testcase name="testCreateOrderInitiatesSaga" classname="com.shopmart.orderservice.OrderSagaTest" time="0.792">
    <system-out><![CDATA[09:26:50.717 [main] INFO com.shopmart.orderservice.service.OrderService -- --> [SAGA INITIATED] Order created with ID: ORD-d47b444e in PENDING state
]]></system-out>
    <system-err><![CDATA[WARNING: A Java agent has been loaded dynamically (C:\Users\LOQ 2023\.m2\repository\net\bytebuddy\byte-buddy-agent\1.14.12\byte-buddy-agent-1.14.12.jar)
WARNING: If a serviceability tool is in use, please run with -XX:+EnableDynamicAgentLoading to hide this warning
WARNING: If a serviceability tool is not in use, please run with -Djdk.instrument.traceUsage for more information
WARNING: Dynamic loading of agents will be disallowed by default in a future release
]]></system-err>
  </testcase>
  <testcase name="testSagaSuccessOnPaymentProcessed" classname="com.shopmart.orderservice.OrderSagaTest" time="0.006">
    <system-out><![CDATA[09:26:50.747 [main] INFO com.shopmart.orderservice.service.OrderService -- --> [SAGA FINALIZED] Order ID: ORD-TEST-456 status updated to: APPROVED
]]></system-out>
  </testcase>
  <testcase name="testInventoryCircuitBreakerFallback" classname="com.shopmart.orderservice.OrderSagaTest" time="0.003">
    <system-out><![CDATA[09:26:50.751 [main] WARN com.shopmart.orderservice.client.InventoryFeignClient -- --> [CIRCUIT BREAKER FALLBACK] inventory-service call failed for productId: P9999. Reason: Service Down
]]></system-out>
  </testcase>
  <testcase name="testSagaRollbackOnPaymentFailure" classname="com.shopmart.orderservice.OrderSagaTest" time="0.003">
    <system-out><![CDATA[09:26:50.755 [main] INFO com.shopmart.orderservice.service.OrderService -- --> [SAGA FINALIZED] Order ID: ORD-TEST-123 status updated to: CANCELLED
]]></system-out>
  </testcase>
</testsuite>